  [1m[35m (17.1ms)[0m  [1m[35mCREATE TABLE "schema_migrations" ("version" varchar NOT NULL PRIMARY KEY)[0m
  [1m[35m (19.0ms)[0m  [1m[35mCREATE TABLE "ar_internal_metadata" ("key" varchar NOT NULL PRIMARY KEY, "value" varchar, "created_at" datetime(6) NOT NULL, "updated_at" datetime(6) NOT NULL)[0m
  [1m[36mActiveRecord::SchemaMigration Pluck (2.7ms)[0m  [1m[34mSELECT "schema_migrations"."version" FROM "schema_migrations" ORDER BY "schema_migrations"."version" ASC[0m
Migrating to CreateContents (20230622201022)
  [1m[36mTRANSACTION (0.1ms)[0m  [1m[36mbegin transaction[0m
  [1m[35m (10.5ms)[0m  [1m[35mCREATE TABLE "contents" ("id" integer PRIMARY KEY AUTOINCREMENT NOT NULL, "data" text, "created_at" datetime(6) NOT NULL, "updated_at" datetime(6) NOT NULL)[0m
  [1m[36mActiveRecord::SchemaMigration Create (3.2ms)[0m  [1m[32mINSERT INTO "schema_migrations" ("version") VALUES (?)[0m  [["version", "20230622201022"]]
  [1m[36mTRANSACTION (13.4ms)[0m  [1m[36mcommit transaction[0m
  [1m[36mActiveRecord::InternalMetadata Load (3.7ms)[0m  [1m[34mSELECT "ar_internal_metadata".* FROM "ar_internal_metadata" WHERE "ar_internal_metadata"."key" = ? LIMIT ?[0m  [["key", "environment"], ["LIMIT", 1]]
  [1m[36mTRANSACTION (0.0ms)[0m  [1m[36mbegin transaction[0m
  [1m[36mActiveRecord::InternalMetadata Create (8.3ms)[0m  [1m[32mINSERT INTO "ar_internal_metadata" ("key", "value", "created_at", "updated_at") VALUES (?, ?, ?, ?)[0m  [["key", "environment"], ["value", "development"], ["created_at", "2023-06-22 20:19:34.049487"], ["updated_at", "2023-06-22 20:19:34.049487"]]
  [1m[36mTRANSACTION (11.8ms)[0m  [1m[36mcommit transaction[0m
  [1m[36mActiveRecord::SchemaMigration Pluck (4.3ms)[0m  [1m[34mSELECT "schema_migrations"."version" FROM "schema_migrations" ORDER BY "schema_migrations"."version" ASC[0m
Started GET "/" for ::1 at 2023-06-22 14:29:42 -0600
  [1m[36mActiveRecord::SchemaMigration Pluck (3.4ms)[0m  [1m[34mSELECT "schema_migrations"."version" FROM "schema_migrations" ORDER BY "schema_migrations"."version" ASC[0m
Processing by Rails::WelcomeController#index as HTML
  Rendering /home/dave/.rvm/gems/ruby-3.2.1/gems/railties-7.0.5/lib/rails/templates/rails/welcome/index.html.erb
  Rendered /home/dave/.rvm/gems/ruby-3.2.1/gems/railties-7.0.5/lib/rails/templates/rails/welcome/index.html.erb (Duration: 41.8ms | Allocations: 633)
Completed 200 OK in 749ms (Views: 156.7ms | ActiveRecord: 0.0ms | Allocations: 7379)


Started POST "/content/save" for 127.0.0.1 at 2023-06-22 14:31:18 -0600
Processing by ContentController#save as */*
  Parameters: {"text"=>"Hello, World"}
Can't verify CSRF token authenticity.
Completed 422 Unprocessable Entity in 5ms (ActiveRecord: 0.0ms | Allocations: 568)


  
ActionController::InvalidAuthenticityToken (Can't verify CSRF token authenticity.):
  
actionpack (7.0.5) lib/action_controller/metal/request_forgery_protection.rb:253:in `handle_unverified_request'
actionpack (7.0.5) lib/action_controller/metal/request_forgery_protection.rb:286:in `handle_unverified_request'
actionpack (7.0.5) lib/action_controller/metal/request_forgery_protection.rb:275:in `verify_authenticity_token'
activesupport (7.0.5) lib/active_support/callbacks.rb:400:in `block in make_lambda'
activesupport (7.0.5) lib/active_support/callbacks.rb:199:in `block (2 levels) in halting'
actionpack (7.0.5) lib/abstract_controller/callbacks.rb:34:in `block (2 levels) in <module:Callbacks>'
activesupport (7.0.5) lib/active_support/callbacks.rb:200:in `block in halting'
activesupport (7.0.5) lib/active_support/callbacks.rb:595:in `block in invoke_before'
activesupport (7.0.5) lib/active_support/callbacks.rb:595:in `each'
activesupport (7.0.5) lib/active_support/callbacks.rb:595:in `invoke_before'
activesupport (7.0.5) lib/active_support/callbacks.rb:116:in `block in run_callbacks'
activesupport (7.0.5) lib/active_support/callbacks.rb:138:in `run_callbacks'
actionpack (7.0.5) lib/abstract_controller/callbacks.rb:233:in `process_action'
actionpack (7.0.5) lib/action_controller/metal/rescue.rb:22:in `process_action'
actionpack (7.0.5) lib/action_controller/metal/instrumentation.rb:67:in `block in process_action'
activesupport (7.0.5) lib/active_support/notifications.rb:206:in `block in instrument'
activesupport (7.0.5) lib/active_support/notifications/instrumenter.rb:24:in `instrument'
activesupport (7.0.5) lib/active_support/notifications.rb:206:in `instrument'
actionpack (7.0.5) lib/action_controller/metal/instrumentation.rb:66:in `process_action'
actionpack (7.0.5) lib/action_controller/metal/params_wrapper.rb:259:in `process_action'
activerecord (7.0.5) lib/active_record/railties/controller_runtime.rb:27:in `process_action'
actionpack (7.0.5) lib/abstract_controller/base.rb:151:in `process'
actionview (7.0.5) lib/action_view/rendering.rb:39:in `process'
actionpack (7.0.5) lib/action_controller/metal.rb:188:in `dispatch'
actionpack (7.0.5) lib/action_controller/metal.rb:251:in `dispatch'
actionpack (7.0.5) lib/action_dispatch/routing/route_set.rb:49:in `dispatch'
actionpack (7.0.5) lib/action_dispatch/routing/route_set.rb:32:in `serve'
actionpack (7.0.5) lib/action_dispatch/journey/router.rb:50:in `block in serve'
actionpack (7.0.5) lib/action_dispatch/journey/router.rb:32:in `each'
actionpack (7.0.5) lib/action_dispatch/journey/router.rb:32:in `serve'
actionpack (7.0.5) lib/action_dispatch/routing/route_set.rb:852:in `call'
rack (2.2.7) lib/rack/tempfile_reaper.rb:15:in `call'
rack (2.2.7) lib/rack/etag.rb:27:in `call'
rack (2.2.7) lib/rack/conditional_get.rb:40:in `call'
rack (2.2.7) lib/rack/head.rb:12:in `call'
actionpack (7.0.5) lib/action_dispatch/http/permissions_policy.rb:38:in `call'
actionpack (7.0.5) lib/action_dispatch/http/content_security_policy.rb:36:in `call'
rack (2.2.7) lib/rack/session/abstract/id.rb:266:in `context'
rack (2.2.7) lib/rack/session/abstract/id.rb:260:in `call'
actionpack (7.0.5) lib/action_dispatch/middleware/cookies.rb:704:in `call'
activerecord (7.0.5) lib/active_record/migration.rb:603:in `call'
actionpack (7.0.5) lib/action_dispatch/middleware/callbacks.rb:27:in `block in call'
activesupport (7.0.5) lib/active_support/callbacks.rb:99:in `run_callbacks'
actionpack (7.0.5) lib/action_dispatch/middleware/callbacks.rb:26:in `call'
actionpack (7.0.5) lib/action_dispatch/middleware/executor.rb:14:in `call'
actionpack (7.0.5) lib/action_dispatch/middleware/actionable_exceptions.rb:17:in `call'
actionpack (7.0.5) lib/action_dispatch/middleware/debug_exceptions.rb:28:in `call'
web-console (4.2.0) lib/web_console/middleware.rb:132:in `call_app'
web-console (4.2.0) lib/web_console/middleware.rb:28:in `block in call'
web-console (4.2.0) lib/web_console/middleware.rb:17:in `catch'
web-console (4.2.0) lib/web_console/middleware.rb:17:in `call'
actionpack (7.0.5) lib/action_dispatch/middleware/show_exceptions.rb:26:in `call'
railties (7.0.5) lib/rails/rack/logger.rb:40:in `call_app'
railties (7.0.5) lib/rails/rack/logger.rb:25:in `block in call'
activesupport (7.0.5) lib/active_support/tagged_logging.rb:99:in `block in tagged'
activesupport (7.0.5) lib/active_support/tagged_logging.rb:37:in `tagged'
activesupport (7.0.5) lib/active_support/tagged_logging.rb:99:in `tagged'
railties (7.0.5) lib/rails/rack/logger.rb:25:in `call'
sprockets-rails (3.4.2) lib/sprockets/rails/quiet_assets.rb:13:in `call'
actionpack (7.0.5) lib/action_dispatch/middleware/remote_ip.rb:93:in `call'
actionpack (7.0.5) lib/action_dispatch/middleware/request_id.rb:26:in `call'
rack (2.2.7) lib/rack/method_override.rb:24:in `call'
rack (2.2.7) lib/rack/runtime.rb:22:in `call'
activesupport (7.0.5) lib/active_support/cache/strategy/local_cache_middleware.rb:29:in `call'
actionpack (7.0.5) lib/action_dispatch/middleware/server_timing.rb:61:in `block in call'
actionpack (7.0.5) lib/action_dispatch/middleware/server_timing.rb:26:in `collect_events'
actionpack (7.0.5) lib/action_dispatch/middleware/server_timing.rb:60:in `call'
actionpack (7.0.5) lib/action_dispatch/middleware/executor.rb:14:in `call'
actionpack (7.0.5) lib/action_dispatch/middleware/static.rb:23:in `call'
rack (2.2.7) lib/rack/sendfile.rb:110:in `call'
actionpack (7.0.5) lib/action_dispatch/middleware/host_authorization.rb:137:in `call'
railties (7.0.5) lib/rails/engine.rb:530:in `call'
puma (5.6.6) lib/puma/configuration.rb:252:in `call'
puma (5.6.6) lib/puma/request.rb:77:in `block in handle_request'
puma (5.6.6) lib/puma/thread_pool.rb:340:in `with_force_shutdown'
puma (5.6.6) lib/puma/request.rb:76:in `handle_request'
puma (5.6.6) lib/puma/server.rb:443:in `process_client'
puma (5.6.6) lib/puma/thread_pool.rb:147:in `block in spawn_thread'
Started POST "/content/save" for 127.0.0.1 at 2023-06-22 14:34:47 -0600
Processing by ContentController#save as */*
  Parameters: {"text"=>"Hello, World"}
Can't verify CSRF token authenticity.
Completed 200 OK in 46ms (Views: 0.6ms | Allocations: 401)


Started POST "/content/save" for 127.0.0.1 at 2023-06-22 14:43:06 -0600
Processing by ContentController#save as */*
  Parameters: {"text"=>"Hello, World"}
Can't verify CSRF token authenticity.
Completed 200 OK in 48ms (Views: 0.2ms | Allocations: 321)


Started POST "/content/save" for 127.0.0.1 at 2023-06-22 15:05:39 -0600
Processing by ContentController#save as */*
  Parameters: {"text"=>"Hello, World"}
Can't verify CSRF token authenticity.
  [1m[36mTRANSACTION (0.1ms)[0m  [1m[36mbegin transaction[0m
  ↳ app/controllers/content_controller.rb:12:in `save'
  [1m[36mContent Create (12.5ms)[0m  [1m[32mINSERT INTO "contents" ("data", "created_at", "updated_at") VALUES (?, ?, ?)[0m  [["data", "Hello, World"], ["created_at", "2023-06-22 21:05:40.234224"], ["updated_at", "2023-06-22 21:05:40.234224"]]
  ↳ app/controllers/content_controller.rb:12:in `save'
  [1m[36mTRANSACTION (14.1ms)[0m  [1m[36mcommit transaction[0m
  ↳ app/controllers/content_controller.rb:12:in `save'
Completed 200 OK in 233ms (Views: 0.4ms | ActiveRecord: 44.0ms | Allocations: 7735)


Started POST "/content/save" for 127.0.0.1 at 2023-06-22 15:09:25 -0600
Processing by ContentController#save as */*
  Parameters: {"text"=>"Rotify me"}
Can't verify CSRF token authenticity.
  [1m[36mTRANSACTION (0.1ms)[0m  [1m[36mbegin transaction[0m
  ↳ app/controllers/content_controller.rb:12:in `save'
  [1m[36mContent Create (16.3ms)[0m  [1m[32mINSERT INTO "contents" ("data", "created_at", "updated_at") VALUES (?, ?, ?)[0m  [["data", "Rotify me"], ["created_at", "2023-06-22 21:09:25.584772"], ["updated_at", "2023-06-22 21:09:25.584772"]]
  ↳ app/controllers/content_controller.rb:12:in `save'
  [1m[36mTRANSACTION (19.2ms)[0m  [1m[36mcommit transaction[0m
  ↳ app/controllers/content_controller.rb:12:in `save'
Completed 200 OK in 99ms (Views: 0.4ms | ActiveRecord: 35.7ms | Allocations: 1975)


Started POST "/content/save" for 127.0.0.1 at 2023-06-22 15:16:40 -0600
Processing by ContentController#save as */*
  Parameters: {"data"=>"new form field name"}
Can't verify CSRF token authenticity.
Completed 500 Internal Server Error in 168ms (ActiveRecord: 4.4ms | Allocations: 2064)


  
ArgumentError (When assigning attributes, you must pass a hash as an argument, String passed.):
  
app/controllers/content_controller.rb:9:in `save'
Started POST "/content/save" for 127.0.0.1 at 2023-06-22 15:18:35 -0600
Processing by ContentController#save as */*
  Parameters: {"data"=>"new form field name"}
Can't verify CSRF token authenticity.
Completed 500 Internal Server Error in 134ms (Allocations: 915)


  
NoMethodError (undefined method `permit' for "new form field name":String):
  
app/controllers/content_controller.rb:45:in `safe_params'
app/controllers/content_controller.rb:9:in `save'
Started POST "/content/save" for 127.0.0.1 at 2023-06-22 15:19:24 -0600
Processing by ContentController#save as */*
  Parameters: {"data"=>"new form field name"}
Can't verify CSRF token authenticity.
Completed 500 Internal Server Error in 133ms (ActiveRecord: 16.3ms | Allocations: 2457)


  
ArgumentError (When assigning attributes, you must pass a hash as an argument, String passed.):
  
app/controllers/content_controller.rb:9:in `save'
Started POST "/content/save" for 127.0.0.1 at 2023-06-22 15:21:28 -0600
Processing by ContentController#save as */*
  Parameters: {"data"=>"new form field name"}
Can't verify CSRF token authenticity.
Completed 500 Internal Server Error in 150ms (ActiveRecord: 19.9ms | Allocations: 2442)


  
ArgumentError (When assigning attributes, you must pass a hash as an argument, String passed.):
  
app/controllers/content_controller.rb:9:in `save'
Started POST "/content/save" for 127.0.0.1 at 2023-06-22 15:22:27 -0600
Processing by ContentController#save as */*
  Parameters: {"data"=>"new form field name"}
Can't verify CSRF token authenticity.
Completed 500 Internal Server Error in 122ms (ActiveRecord: 20.0ms | Allocations: 2460)


  
ActiveModel::ForbiddenAttributesError (ActiveModel::ForbiddenAttributesError):
  
app/controllers/content_controller.rb:9:in `save'
Started POST "/content/save" for 127.0.0.1 at 2023-06-22 15:23:55 -0600
Processing by ContentController#save as */*
  Parameters: {"data"=>"new form field name"}
Can't verify CSRF token authenticity.
  [1m[36mTRANSACTION (0.1ms)[0m  [1m[36mbegin transaction[0m
  ↳ app/controllers/content_controller.rb:10:in `save'
  [1m[36mContent Create (12.8ms)[0m  [1m[32mINSERT INTO "contents" ("data", "created_at", "updated_at") VALUES (?, ?, ?)[0m  [["data", "new form field name"], ["created_at", "2023-06-22 21:23:56.705982"], ["updated_at", "2023-06-22 21:23:56.705982"]]
  ↳ app/controllers/content_controller.rb:10:in `save'
  [1m[36mTRANSACTION (12.6ms)[0m  [1m[36mcommit transaction[0m
  ↳ app/controllers/content_controller.rb:10:in `save'
Completed 200 OK in 149ms (Views: 0.2ms | ActiveRecord: 45.4ms | Allocations: 4221)


Started GET "/content/index" for ::1 at 2023-06-22 15:27:25 -0600
Processing by ContentController#index as HTML
  [1m[36mContent Load (2.6ms)[0m  [1m[34mSELECT "contents".* FROM "contents"[0m
  ↳ app/controllers/content_controller.rb:7:in `index'
Completed 200 OK in 149ms (Views: 40.2ms | ActiveRecord: 23.8ms | Allocations: 3186)


Started GET "/content/index" for ::1 at 2023-06-22 15:28:40 -0600
Processing by ContentController#index as HTML
  [1m[36mContent Load (4.2ms)[0m  [1m[34mSELECT "contents".* FROM "contents"[0m
  ↳ app/controllers/content_controller.rb:7:in `index'
Completed 200 OK in 44ms (Views: 4.2ms | ActiveRecord: 4.2ms | Allocations: 1018)


Started GET "/content/index" for ::1 at 2023-06-22 15:30:10 -0600
Processing by ContentController#index as HTML
  [1m[36mContent Load (3.3ms)[0m  [1m[34mSELECT "contents".* FROM "contents"[0m
  ↳ app/controllers/content_controller.rb:7:in `index'
Completed 200 OK in 41ms (Views: 3.1ms | ActiveRecord: 3.3ms | Allocations: 1015)


Started GET "/content/index" for ::1 at 2023-06-22 15:30:54 -0600
Processing by ContentController#index as HTML
  [1m[36mContent Load (3.4ms)[0m  [1m[34mSELECT "contents".* FROM "contents"[0m
  ↳ app/controllers/content_controller.rb:5:in `index'
Completed 200 OK in 146ms (Views: 40.0ms | ActiveRecord: 25.2ms | Allocations: 3076)


Started POST "/content/save" for 127.0.0.1 at 2023-06-22 15:31:41 -0600
Processing by ContentController#save as */*
  Parameters: {"data"=>"params require"}
Can't verify CSRF token authenticity.
Completed 500 Internal Server Error in 150ms (ActiveRecord: 16.3ms | Allocations: 2441)


  
ArgumentError (When assigning attributes, you must pass a hash as an argument, String passed.):
  
app/controllers/content_controller.rb:10:in `save'
Started POST "/content/save" for 127.0.0.1 at 2023-06-22 15:32:24 -0600
Processing by ContentController#save as */*
  Parameters: {"data"=>"params require"}
Can't verify CSRF token authenticity.
  [1m[36mTRANSACTION (0.1ms)[0m  [1m[36mbegin transaction[0m
  ↳ app/controllers/content_controller.rb:11:in `save'
  [1m[36mContent Create (10.3ms)[0m  [1m[32mINSERT INTO "contents" ("data", "created_at", "updated_at") VALUES (?, ?, ?)[0m  [["data", "params require"], ["created_at", "2023-06-22 21:32:25.323237"], ["updated_at", "2023-06-22 21:32:25.323237"]]
  ↳ app/controllers/content_controller.rb:11:in `save'
  [1m[36mTRANSACTION (13.3ms)[0m  [1m[36mcommit transaction[0m
  ↳ app/controllers/content_controller.rb:11:in `save'
Completed 200 OK in 147ms (Views: 0.2ms | ActiveRecord: 39.4ms | Allocations: 4149)


Started GET "/content/index" for ::1 at 2023-06-22 15:32:37 -0600
Processing by ContentController#index as HTML
  [1m[36mContent Load (3.9ms)[0m  [1m[34mSELECT "contents".* FROM "contents"[0m
  ↳ app/controllers/content_controller.rb:5:in `index'
Completed 200 OK in 40ms (Views: 3.2ms | ActiveRecord: 3.9ms | Allocations: 1246)


Started POST "/content/save" for 127.0.0.1 at 2023-06-22 15:54:59 -0600
Processing by ContentController#save as */*
  Parameters: {"data"=>"rotified text"}
Can't verify CSRF token authenticity.
  [1m[36mTRANSACTION (0.1ms)[0m  [1m[36mbegin transaction[0m
  ↳ app/controllers/content_controller.rb:11:in `save'
  [1m[36mContent Create (14.6ms)[0m  [1m[32mINSERT INTO "contents" ("data", "created_at", "updated_at") VALUES (?, ?, ?)[0m  [["data", "rotified text"], ["created_at", "2023-06-22 21:54:59.672005"], ["updated_at", "2023-06-22 21:54:59.672005"]]
  ↳ app/controllers/content_controller.rb:11:in `save'
  [1m[36mTRANSACTION (13.3ms)[0m  [1m[36mcommit transaction[0m
  ↳ app/controllers/content_controller.rb:11:in `save'
Completed 200 OK in 95ms (Views: 0.4ms | ActiveRecord: 31.6ms | Allocations: 2149)


Started POST "/content/save" for 127.0.0.1 at 2023-06-22 15:55:53 -0600
Processing by ContentController#save as */*
  Parameters: {"data"=>"rotified text"}
Can't verify CSRF token authenticity.
  [1m[36mTRANSACTION (0.1ms)[0m  [1m[36mbegin transaction[0m
  ↳ app/controllers/content_controller.rb:11:in `save'
  [1m[36mContent Create (12.6ms)[0m  [1m[32mINSERT INTO "contents" ("data", "created_at", "updated_at") VALUES (?, ?, ?)[0m  [["data", "rotified text"], ["created_at", "2023-06-22 21:55:54.086374"], ["updated_at", "2023-06-22 21:55:54.086374"]]
  ↳ app/controllers/content_controller.rb:11:in `save'
  [1m[36mTRANSACTION (24.0ms)[0m  [1m[36mcommit transaction[0m
  ↳ app/controllers/content_controller.rb:11:in `save'
Completed 200 OK in 90ms (Views: 0.2ms | ActiveRecord: 36.7ms | Allocations: 2033)


Started POST "/content/save" for 127.0.0.1 at 2023-06-22 15:56:15 -0600
Processing by ContentController#save as */*
  Parameters: {"data"=>"-rotified text-"}
Can't verify CSRF token authenticity.
  [1m[36mTRANSACTION (0.1ms)[0m  [1m[36mbegin transaction[0m
  ↳ app/controllers/content_controller.rb:11:in `save'
  [1m[36mContent Create (19.1ms)[0m  [1m[32mINSERT INTO "contents" ("data", "created_at", "updated_at") VALUES (?, ?, ?)[0m  [["data", "-rotified text-"], ["created_at", "2023-06-22 21:56:15.497496"], ["updated_at", "2023-06-22 21:56:15.497496"]]
  ↳ app/controllers/content_controller.rb:11:in `save'
  [1m[36mTRANSACTION (19.5ms)[0m  [1m[36mcommit transaction[0m
  ↳ app/controllers/content_controller.rb:11:in `save'
Completed 200 OK in 89ms (Views: 0.5ms | ActiveRecord: 38.6ms | Allocations: 2037)


Started POST "/content/save?data=sent%20via%20postman" for ::1 at 2023-06-22 16:16:54 -0600
  [1m[36mActiveRecord::SchemaMigration Pluck (5.3ms)[0m  [1m[34mSELECT "schema_migrations"."version" FROM "schema_migrations" ORDER BY "schema_migrations"."version" ASC[0m
Processing by ContentController#save as */*
  Parameters: {"data"=>"sent via postman"}
Can't verify CSRF token authenticity.
  [1m[36mTRANSACTION (0.0ms)[0m  [1m[36mbegin transaction[0m
  ↳ app/controllers/content_controller.rb:11:in `save'
  [1m[36mContent Create (10.8ms)[0m  [1m[32mINSERT INTO "contents" ("data", "created_at", "updated_at") VALUES (?, ?, ?)[0m  [["data", "sent via postman"], ["created_at", "2023-06-22 22:16:56.253271"], ["updated_at", "2023-06-22 22:16:56.253271"]]
  ↳ app/controllers/content_controller.rb:11:in `save'
  [1m[36mTRANSACTION (13.9ms)[0m  [1m[36mcommit transaction[0m
  ↳ app/controllers/content_controller.rb:11:in `save'
Completed 200 OK in 193ms (Views: 2.2ms | ActiveRecord: 38.4ms | Allocations: 9071)


Started POST "/content/save?data=sent%20via%20postman%202" for ::1 at 2023-06-22 16:17:42 -0600
Processing by ContentController#save as */*
  Parameters: {"data"=>"sent via postman 2"}
Can't verify CSRF token authenticity.
  [1m[36mTRANSACTION (0.1ms)[0m  [1m[36mbegin transaction[0m
  ↳ app/controllers/content_controller.rb:11:in `save'
  [1m[36mContent Create (11.5ms)[0m  [1m[32mINSERT INTO "contents" ("data", "created_at", "updated_at") VALUES (?, ?, ?)[0m  [["data", "sent via postman 2"], ["created_at", "2023-06-22 22:17:42.188655"], ["updated_at", "2023-06-22 22:17:42.188655"]]
  ↳ app/controllers/content_controller.rb:11:in `save'
  [1m[36mTRANSACTION (13.1ms)[0m  [1m[36mcommit transaction[0m
  ↳ app/controllers/content_controller.rb:11:in `save'
Completed 200 OK in 65ms (Views: 0.2ms | ActiveRecord: 24.7ms | Allocations: 2076)


Started GET "/content/index" for ::1 at 2023-06-22 16:18:53 -0600
Processing by ContentController#index as */*
  [1m[36mContent Load (3.4ms)[0m  [1m[34mSELECT "contents".* FROM "contents"[0m
  ↳ app/controllers/content_controller.rb:5:in `index'
Completed 200 OK in 45ms (Views: 3.5ms | ActiveRecord: 3.4ms | Allocations: 1870)


  [1m[36mActiveRecord::SchemaMigration Pluck (4.4ms)[0m  [1m[34mSELECT "schema_migrations"."version" FROM "schema_migrations" ORDER BY "schema_migrations"."version" ASC[0m
  [1m[36mActiveRecord::SchemaMigration Pluck (3.6ms)[0m  [1m[34mSELECT "schema_migrations"."version" FROM "schema_migrations" ORDER BY "schema_migrations"."version" ASC[0m
  [1m[36mActiveRecord::SchemaMigration Pluck (4.1ms)[0m  [1m[34mSELECT "schema_migrations"."version" FROM "schema_migrations" ORDER BY "schema_migrations"."version" ASC[0m
  [1m[36mActiveRecord::SchemaMigration Pluck (3.4ms)[0m  [1m[34mSELECT "schema_migrations"."version" FROM "schema_migrations" ORDER BY "schema_migrations"."version" ASC[0m
Migrating to CreateContents (20230622201022)
  [1m[36mTRANSACTION (0.1ms)[0m  [1m[36mbegin transaction[0m
  [1m[35m (10.9ms)[0m  [1m[35mDROP TABLE "contents"[0m
  [1m[36mActiveRecord::SchemaMigration Delete All (3.0ms)[0m  [1m[31mDELETE FROM "schema_migrations" WHERE "schema_migrations"."version" = ?[0m  [["version", "20230622201022"]]
  [1m[36mTRANSACTION (10.2ms)[0m  [1m[36mcommit transaction[0m
  [1m[36mActiveRecord::SchemaMigration Pluck (4.3ms)[0m  [1m[34mSELECT "schema_migrations"."version" FROM "schema_migrations" ORDER BY "schema_migrations"."version" ASC[0m
